#0 building with "orbstack" instance using docker driver

#1 [internal] load build definition from Dockerfile
#1 transferring dockerfile: 204B done
#1 DONE 0.0s

#2 [internal] load metadata for docker.io/library/ruby:3.3
#2 DONE 0.0s

#3 [internal] load .dockerignore
#3 transferring context: 2B done
#3 DONE 0.0s

#4 [1/6] FROM docker.io/library/ruby:3.3
#4 DONE 0.0s

#5 [internal] load build context
#5 transferring context: 1.87kB done
#5 DONE 0.0s

#6 [2/6] WORKDIR /app
#6 CACHED

#7 [3/6] COPY Gemfile .
#7 CACHED

#8 [4/6] COPY Gemfile.lock .
#8 CACHED

#9 [5/6] RUN bundle install -j 8
#9 CACHED

#10 [6/6] COPY . /app
#10 DONE 0.0s

#11 exporting to image
#11 exporting layers 0.0s done
#11 writing image sha256:f4ba4b136ab1bce6b4b9b829058e18dfa2fe22770a211297be18f63cf076f90c done
#11 naming to docker.io/library/mailtools done
#11 DONE 0.0s
